01242018 10:14:17 AM - RegisterCoursesPage - INFO - Element Found with locator //a[@href='/courses']
01242018 10:14:17 AM - RegisterCoursesPage - INFO - Clicked on element with locator //a[@href='/courses'] locatorType: xpath
01242018 10:14:18 AM - RegisterCoursesPage - INFO - Element Found with locator search-courses
01242018 10:14:18 AM - RegisterCoursesPage - INFO - Keys 'JavaScript' sent to locator search-courses locatorType: id
01242018 10:14:18 AM - RegisterCoursesPage - INFO - Element Found with locator //div[contains(@class, 'course-listing-title') and contains(text(), 'JavaScript for beginners')]
01242018 10:14:18 AM - RegisterCoursesPage - INFO - Clicked on element with locator //div[contains(@class, 'course-listing-title') and contains(text(), 'JavaScript for beginners')] locatorType: xpath
01242018 10:14:18 AM - RegisterCoursesPage - INFO - Element Found with locator enroll-button-top
01242018 10:14:25 AM - RegisterCoursesPage - INFO - Clicked on element with locator enroll-button-top locatorType: id
01242018 10:14:25 AM - RegisterCoursesPage - INFO - Element Found with locator email
01242018 10:14:25 AM - RegisterCoursesPage - INFO - Keys 's@yopmail.com' sent to locator email locatorType: id
01242018 10:14:25 AM - RegisterCoursesPage - INFO - Element Found with locator cardnumber
01242018 10:14:25 AM - RegisterCoursesPage - INFO - Keys '5457 0822 3591 3352' sent to locator cardnumber locatorType: name
01242018 10:14:25 AM - RegisterCoursesPage - INFO - Element Found with locator cvc
01242018 10:14:26 AM - RegisterCoursesPage - INFO - Keys '123' sent to locator cvc locatorType: name
01242018 10:14:26 AM - RegisterCoursesPage - INFO - Element Found with locator exp-date
01242018 10:14:26 AM - RegisterCoursesPage - INFO - Keys '12 / 19' sent to locator exp-date locatorType: name
01242018 10:14:26 AM - RegisterCoursesPage - INFO - Element Found with locator postal
01242018 10:14:26 AM - RegisterCoursesPage - INFO - Keys '01234' sent to locator postal locatorType: name
01242018 10:14:26 AM - RegisterCoursesPage - INFO - Element Found with locator confirm-purchase
01242018 10:14:26 AM - RegisterCoursesPage - INFO - Clicked on element with locator confirm-purchase locatorType: id
01242018 10:14:31 AM - RegisterCoursesPage - INFO - Element Found with locator //div[contains (text(),'The card was declined.')]
01242018 10:14:31 AM - RegisterCoursesPage - INFO - Element Found
01242018 10:14:31 AM - RegisterCoursesPage - INFO - Element Found
01242018 10:14:31 AM - TStatus - INFO - ### VERIFICATION SUCCESSFUL :: Enrollment Failed verification
01242018 10:14:31 AM - TStatus - INFO - test_invalidEnrollment TEST SUCCESSFUL
